# JRE version: OpenJDK Runtime Environment Temurin-17.0.11+9 (17.0.11+9) (build 17.0.11+9)
# Java VM: OpenJDK 64-Bit Server VM Temurin-17.0.11+9 (17.0.11+9, mixed mode, emulated-client, tiered, compressed oops, compressed class ptrs, g1 gc, windows-amd64)
GC Precious Log:
 CPUs: 8 total, 8 available
 Memory: 16107M
 Large Page Support: Disabled
 NUMA Support: Disabled
 Compressed Oops: Enabled (32-bit)
 Heap Region Size: 1M
 Heap Min Capacity: 8M
 Heap Initial Capacity: 252M
 Heap Max Capacity: 1G
 Pre-touch: Disabled
 Parallel Workers: 8
 Concurrent Workers: 2
 Concurrent Refinement Workers: 8
 Periodic GC: Disabled
Heap:
 garbage-first heap   total 130048K, used 38187K [0x00000000c0000000, 0x0000000100000000)
  region size 1024K, 1 young (1024K), 0 survivors (0K)
 Metaspace       used 59444K, committed 59840K, reserved 1114112K
  class space    used 7411K, committed 7616K, reserved 1048576K
GC Heap History (20 events):
Event: 5579.424 GC heap before
{Heap before GC invocations=486 (full 471):
 garbage-first heap   total 130048K, used 38187K [0x00000000c0000000, 0x0000000100000000)
  region size 1024K, 1 young (1024K), 0 survivors (0K)
 Metaspace       used 59444K, committed 59840K, reserved 1114112K
  class space    used 7411K, committed 7616K, reserved 1048576K
}
Event: 5579.453 GC heap after
{Heap after GC invocations=487 (full 472):
 garbage-first heap   total 130048K, used 38187K [0x00000000c0000000, 0x0000000100000000)
  region size 1024K, 0 young (0K), 0 survivors (0K)
 Metaspace       used 59444K, committed 59840K, reserved 1114112K
  class space    used 7411K, committed 7616K, reserved 1048576K
}
Event: 5589.630 GC heap before
{Heap before GC invocations=487 (full 472):
 garbage-first heap   total 130048K, used 38187K [0x00000000c0000000, 0x0000000100000000)
  region size 1024K, 1 young (1024K), 0 survivors (0K)
 Metaspace       used 59444K, committed 59840K, reserved 1114112K
  class space    used 7411K, committed 7616K, reserved 1048576K
}
Event: 5589.663 GC heap after
{Heap after GC invocations=488 (full 473):
 garbage-first heap   total 130048K, used 38187K [0x00000000c0000000, 0x0000000100000000)
  region size 1024K, 0 young (0K), 0 survivors (0K)
 Metaspace       used 59444K, committed 59840K, reserved 1114112K
  class space    used 7411K, committed 7616K, reserved 1048576K
}
Event: 5601.465 GC heap before
{Heap before GC invocations=488 (full 473):
 garbage-first heap   total 130048K, used 38187K [0x00000000c0000000, 0x0000000100000000)
  region size 1024K, 1 young (1024K), 0 survivors (0K)
 Metaspace       used 59444K, committed 59840K, reserved 1114112K
  class space    used 7411K, committed 7616K, reserved 1048576K
}
Event: 5601.503 GC heap after
{Heap after GC invocations=489 (full 474):
 garbage-first heap   total 130048K, used 38187K [0x00000000c0000000, 0x0000000100000000)
  region size 1024K, 0 young (0K), 0 survivors (0K)
 Metaspace       used 59444K, committed 59840K, reserved 1114112K
  class space    used 7411K, committed 7616K, reserved 1048576K
}
Event: 5611.674 GC heap before
{Heap before GC invocations=489 (full 474):
 garbage-first heap   total 130048K, used 38187K [0x00000000c0000000, 0x0000000100000000)
  region size 1024K, 1 young (1024K), 0 survivors (0K)
 Metaspace       used 59444K, committed 59840K, reserved 1114112K
  class space    used 7411K, committed 7616K, reserved 1048576K
}
Event: 5611.706 GC heap after
{Heap after GC invocations=490 (full 475):
 garbage-first heap   total 130048K, used 38187K [0x00000000c0000000, 0x0000000100000000)
  region size 1024K, 0 young (0K), 0 survivors (0K)
 Metaspace       used 59444K, committed 59840K, reserved 1114112K
  class space    used 7411K, committed 7616K, reserved 1048576K
}
Event: 5621.973 GC heap before
{Heap before GC invocations=490 (full 475):
 garbage-first heap   total 130048K, used 38187K [0x00000000c0000000, 0x0000000100000000)
  region size 1024K, 1 young (1024K), 0 survivors (0K)
 Metaspace       used 59444K, committed 59840K, reserved 1114112K
  class space    used 7411K, committed 7616K, reserved 1048576K
}
Event: 5621.995 GC heap after
{Heap after GC invocations=491 (full 476):
 garbage-first heap   total 130048K, used 38187K [0x00000000c0000000, 0x0000000100000000)
  region size 1024K, 0 young (0K), 0 survivors (0K)
 Metaspace       used 59444K, committed 59840K, reserved 1114112K
  class space    used 7411K, committed 7616K, reserved 1048576K
}
Event: 5632.351 GC heap before
{Heap before GC invocations=491 (full 476):
 garbage-first heap   total 130048K, used 38187K [0x00000000c0000000, 0x0000000100000000)
  region size 1024K, 1 young (1024K), 0 survivors (0K)
 Metaspace       used 59444K, committed 59840K, reserved 1114112K
  class space    used 7411K, committed 7616K, reserved 1048576K
}
Event: 5632.376 GC heap after
{Heap after GC invocations=492 (full 477):
 garbage-first heap   total 130048K, used 38187K [0x00000000c0000000, 0x0000000100000000)
  region size 1024K, 0 young (0K), 0 survivors (0K)
 Metaspace       used 59444K, committed 59840K, reserved 1114112K
  class space    used 7411K, committed 7616K, reserved 1048576K
}
Event: 5642.714 GC heap before
{Heap before GC invocations=492 (full 477):
 garbage-first heap   total 130048K, used 38187K [0x00000000c0000000, 0x0000000100000000)
  region size 1024K, 1 young (1024K), 0 survivors (0K)
 Metaspace       used 59444K, committed 59840K, reserved 1114112K
  class space    used 7411K, committed 7616K, reserved 1048576K
}
Event: 5642.740 GC heap after
{Heap after GC invocations=493 (full 478):
 garbage-first heap   total 130048K, used 38187K [0x00000000c0000000, 0x0000000100000000)
  region size 1024K, 0 young (0K), 0 survivors (0K)
 Metaspace       used 59444K, committed 59840K, reserved 1114112K
  class space    used 7411K, committed 7616K, reserved 1048576K
}
Event: 5653.108 GC heap before
{Heap before GC invocations=493 (full 478):
 garbage-first heap   total 130048K, used 38187K [0x00000000c0000000, 0x0000000100000000)
  region size 1024K, 1 young (1024K), 0 survivors (0K)
 Metaspace       used 59444K, committed 59840K, reserved 1114112K
  class space    used 7411K, committed 7616K, reserved 1048576K
}
Event: 5653.140 GC heap after
{Heap after GC invocations=494 (full 479):
 garbage-first heap   total 130048K, used 38187K [0x00000000c0000000, 0x0000000100000000)
  region size 1024K, 0 young (0K), 0 survivors (0K)
 Metaspace       used 59444K, committed 59840K, reserved 1114112K
  class space    used 7411K, committed 7616K, reserved 1048576K
}
Event: 5663.660 GC heap before
{Heap before GC invocations=494 (full 479):
 garbage-first heap   total 130048K, used 38187K [0x00000000c0000000, 0x0000000100000000)
  region size 1024K, 1 young (1024K), 0 survivors (0K)
 Metaspace       used 59444K, committed 59840K, reserved 1114112K
  class space    used 7411K, committed 7616K, reserved 1048576K
}
Event: 5663.685 GC heap after
{Heap after GC invocations=495 (full 480):
 garbage-first heap   total 130048K, used 38187K [0x00000000c0000000, 0x0000000100000000)
  region size 1024K, 0 young (0K), 0 survivors (0K)
 Metaspace       used 59444K, committed 59840K, reserved 1114112K
  class space    used 7411K, committed 7616K, reserved 1048576K
}
Event: 5674.009 GC heap before
{Heap before GC invocations=495 (full 480):
 garbage-first heap   total 130048K, used 38187K [0x00000000c0000000, 0x0000000100000000)
  region size 1024K, 1 young (1024K), 0 survivors (0K)
 Metaspace       used 59444K, committed 59840K, reserved 1114112K
  class space    used 7411K, committed 7616K, reserved 1048576K
}
Event: 5674.028 GC heap after
{Heap after GC invocations=496 (full 481):
 garbage-first heap   total 130048K, used 38187K [0x00000000c0000000, 0x0000000100000000)
  region size 1024K, 0 young (0K), 0 survivors (0K)
 Metaspace       used 59444K, committed 59840K, reserved 1114112K
  class space    used 7411K, committed 7616K, reserved 1048576K
}

